Build started 02/11/2016 23:30:15.
     1>Project "D:\dev\git\openglTuto\NewTutoOpenGL\NewTutoOpenGL\NewTutoOpenGL.vcxproj" on node 2 (Build target(s)).
     1>Link:
         C:\Program Files (x86)\Microsoft Visual Studio 14.0\VC\bin\x86_amd64\link.exe /ERRORREPORT:PROMPT /OUT:"D:\dev\git\openglTuto\NewTutoOpenGL\x64\Debug\NewTutoOpenGL.exe" /INCREMENTAL /NOLOGO SDL2.lib SDL2main.lib opengl32.lib glew32.lib SDL2_image.lib OpenGLEngine.lib kernel32.lib user32.lib gdi32.lib winspool.lib comdlg32.lib advapi32.lib shell32.lib ole32.lib oleaut32.lib uuid.lib odbc32.lib odbccp32.lib /MANIFEST /MANIFESTUAC:"level='asInvoker' uiAccess='false'" /manifest:embed /Debug /PDB:"D:\dev\git\openglTuto\NewTutoOpenGL\x64\Debug\NewTutoOpenGL.pdb" /SUBSYSTEM:CONSOLE /TLBID:1 /DYNAMICBASE /NXCOMPAT /IMPLIB:"D:\dev\git\openglTuto\NewTutoOpenGL\x64\Debug\NewTutoOpenGL.lib" /MACHINE:X64 x64\Debug\main.obj
         x64\Debug\MainGame.obj
     1>MainGame.obj : error LNK2019: unresolved external symbol SDL_PollEvent referenced in function "private: void __cdecl MainGame::ProcessInput(void)" (?ProcessInput@MainGame@@AEAAXXZ)
     1>MainGame.obj : error LNK2019: unresolved external symbol SDL_GetTicks referenced in function "private: void __cdecl MainGame::CalculateFPS(void)" (?CalculateFPS@MainGame@@AEAAXXZ)
     1>MainGame.obj : error LNK2019: unresolved external symbol SDL_Delay referenced in function "private: void __cdecl MainGame::GameLoop(void)" (?GameLoop@MainGame@@AEAAXXZ)
     1>MainGame.obj : error LNK2001: unresolved external symbol __imp___glewActiveTexture
     1>MainGame.obj : error LNK2001: unresolved external symbol __imp___glewUniform1f
     1>MainGame.obj : error LNK2001: unresolved external symbol __imp___glewUniform1i
     1>MainGame.obj : error LNK2001: unresolved external symbol __imp___glewUniformMatrix4fv
     1>OpenGLEngine.lib(OpenGLEngine.obj) : error LNK2019: unresolved external symbol SDL_GL_SetAttribute referenced in function "int __cdecl OpenGLEngine::Init(void)" (?Init@OpenGLEngine@@YAHXZ)
     1>OpenGLEngine.lib(OpenGLEngine.obj) : error LNK2019: unresolved external symbol SDL_Init referenced in function "int __cdecl OpenGLEngine::Init(void)" (?Init@OpenGLEngine@@YAHXZ)
     1>OpenGLEngine.lib(GLSLProgram.obj) : error LNK2001: unresolved external symbol __imp___glewAttachShader
     1>OpenGLEngine.lib(GLSLProgram.obj) : error LNK2001: unresolved external symbol __imp___glewBindAttribLocation
     1>OpenGLEngine.lib(GLSLProgram.obj) : error LNK2001: unresolved external symbol __imp___glewCompileShader
     1>OpenGLEngine.lib(GLSLProgram.obj) : error LNK2001: unresolved external symbol __imp___glewCreateProgram
     1>OpenGLEngine.lib(GLSLProgram.obj) : error LNK2001: unresolved external symbol __imp___glewCreateShader
     1>OpenGLEngine.lib(GLSLProgram.obj) : error LNK2001: unresolved external symbol __imp___glewDeleteProgram
     1>OpenGLEngine.lib(GLSLProgram.obj) : error LNK2001: unresolved external symbol __imp___glewDeleteShader
     1>OpenGLEngine.lib(GLSLProgram.obj) : error LNK2001: unresolved external symbol __imp___glewDetachShader
     1>OpenGLEngine.lib(GLSLProgram.obj) : error LNK2001: unresolved external symbol __imp___glewDisableVertexAttribArray
     1>OpenGLEngine.lib(GLSLProgram.obj) : error LNK2001: unresolved external symbol __imp___glewEnableVertexAttribArray
     1>OpenGLEngine.lib(SpriteBatch.obj) : error LNK2001: unresolved external symbol __imp___glewEnableVertexAttribArray
     1>OpenGLEngine.lib(GLSLProgram.obj) : error LNK2001: unresolved external symbol __imp___glewGetProgramInfoLog
     1>OpenGLEngine.lib(GLSLProgram.obj) : error LNK2001: unresolved external symbol __imp___glewGetProgramiv
     1>OpenGLEngine.lib(GLSLProgram.obj) : error LNK2001: unresolved external symbol __imp___glewGetShaderInfoLog
     1>OpenGLEngine.lib(GLSLProgram.obj) : error LNK2001: unresolved external symbol __imp___glewGetShaderiv
     1>OpenGLEngine.lib(GLSLProgram.obj) : error LNK2001: unresolved external symbol __imp___glewGetUniformLocation
     1>OpenGLEngine.lib(GLSLProgram.obj) : error LNK2001: unresolved external symbol __imp___glewLinkProgram
     1>OpenGLEngine.lib(GLSLProgram.obj) : error LNK2001: unresolved external symbol __imp___glewShaderSource
     1>OpenGLEngine.lib(GLSLProgram.obj) : error LNK2001: unresolved external symbol __imp___glewUseProgram
     1>OpenGLEngine.lib(Window.obj) : error LNK2019: unresolved external symbol SDL_CreateWindow referenced in function "public: int __cdecl OpenGLEngine::Window::Create(class std::basic_string<char,struct std::char_traits<char>,class std::allocator<char> >,int,int,unsigned int)" (?Create@Window@OpenGLEngine@@QEAAHV?$basic_string@DU?$char_traits@D@std@@V?$allocator@D@2@@std@@HHI@Z)
     1>OpenGLEngine.lib(Window.obj) : error LNK2019: unresolved external symbol SDL_GL_CreateContext referenced in function "public: int __cdecl OpenGLEngine::Window::Create(class std::basic_string<char,struct std::char_traits<char>,class std::allocator<char> >,int,int,unsigned int)" (?Create@Window@OpenGLEngine@@QEAAHV?$basic_string@DU?$char_traits@D@std@@V?$allocator@D@2@@std@@HHI@Z)
     1>OpenGLEngine.lib(Window.obj) : error LNK2019: unresolved external symbol SDL_GL_SetSwapInterval referenced in function "public: int __cdecl OpenGLEngine::Window::Create(class std::basic_string<char,struct std::char_traits<char>,class std::allocator<char> >,int,int,unsigned int)" (?Create@Window@OpenGLEngine@@QEAAHV?$basic_string@DU?$char_traits@D@std@@V?$allocator@D@2@@std@@HHI@Z)
     1>OpenGLEngine.lib(Window.obj) : error LNK2019: unresolved external symbol SDL_GL_SwapWindow referenced in function "public: void __cdecl OpenGLEngine::Window::SwapBuffer(void)" (?SwapBuffer@Window@OpenGLEngine@@QEAAXXZ)
     1>OpenGLEngine.lib(Window.obj) : error LNK2019: unresolved external symbol __imp_glewInit referenced in function "public: int __cdecl OpenGLEngine::Window::Create(class std::basic_string<char,struct std::char_traits<char>,class std::allocator<char> >,int,int,unsigned int)" (?Create@Window@OpenGLEngine@@QEAAHV?$basic_string@DU?$char_traits@D@std@@V?$allocator@D@2@@std@@HHI@Z)
     1>OpenGLEngine.lib(SpriteBatch.obj) : error LNK2001: unresolved external symbol __imp___glewBindBuffer
     1>OpenGLEngine.lib(SpriteBatch.obj) : error LNK2001: unresolved external symbol __imp___glewBufferData
     1>OpenGLEngine.lib(SpriteBatch.obj) : error LNK2001: unresolved external symbol __imp___glewBufferSubData
     1>OpenGLEngine.lib(SpriteBatch.obj) : error LNK2001: unresolved external symbol __imp___glewGenBuffers
     1>OpenGLEngine.lib(SpriteBatch.obj) : error LNK2001: unresolved external symbol __imp___glewVertexAttribPointer
     1>OpenGLEngine.lib(SpriteBatch.obj) : error LNK2001: unresolved external symbol __imp___glewBindVertexArray
     1>OpenGLEngine.lib(SpriteBatch.obj) : error LNK2001: unresolved external symbol __imp___glewGenVertexArrays
     1>OpenGLEngine.lib(Errors.obj) : error LNK2019: unresolved external symbol SDL_Quit referenced in function "void __cdecl OpenGLEngine::FatalError(class std::basic_string<char,struct std::char_traits<char>,class std::allocator<char> >)" (?FatalError@OpenGLEngine@@YAXV?$basic_string@DU?$char_traits@D@std@@V?$allocator@D@2@@std@@@Z)
     1>OpenGLEngine.lib(ImageLoader.obj) : error LNK2001: unresolved external symbol __imp___glewGenerateMipmap
     1>MSVCRTD.lib(exe_main.obj) : error LNK2019: unresolved external symbol main referenced in function "int __cdecl invoke_main(void)" (?invoke_main@@YAHXZ)
     1>D:\dev\git\openglTuto\NewTutoOpenGL\includes\SDL2-2.0.4\lib\x86\SDL2.lib : warning LNK4272: library machine type 'X86' conflicts with target machine type 'x64'
     1>D:\dev\git\openglTuto\NewTutoOpenGL\includes\SDL2-2.0.4\lib\x86\SDL2main.lib : warning LNK4272: library machine type 'X86' conflicts with target machine type 'x64'
     1>D:\dev\git\openglTuto\NewTutoOpenGL\includes\glew-2.0.0\lib\Release\Win32\glew32.lib : warning LNK4272: library machine type 'X86' conflicts with target machine type 'x64'
     1>D:\dev\git\openglTuto\NewTutoOpenGL\includes\SDL2_image-2.0.1\lib\x86\SDL2_image.lib : warning LNK4272: library machine type 'X86' conflicts with target machine type 'x64'
     1>D:\dev\git\openglTuto\NewTutoOpenGL\x64\Debug\NewTutoOpenGL.exe : fatal error LNK1120: 42 unresolved externals
     1>Done Building Project "D:\dev\git\openglTuto\NewTutoOpenGL\NewTutoOpenGL\NewTutoOpenGL.vcxproj" (Build target(s)) -- FAILED.

Build FAILED.

Time Elapsed 00:00:00.44
