d:\dev\git\opengltuto\newtutoopengl\openglengine\debug\openglengine.pdb
d:\dev\git\opengltuto\newtutoopengl\openglengine\debug\openglengine.idb
d:\dev\git\opengltuto\newtutoopengl\openglengine\debug\camera2d.obj
d:\dev\git\opengltuto\newtutoopengl\openglengine\debug\errors.obj
d:\dev\git\opengltuto\newtutoopengl\openglengine\debug\glslprogram.obj
d:\dev\git\opengltuto\newtutoopengl\openglengine\debug\imageloader.obj
d:\dev\git\opengltuto\newtutoopengl\openglengine\debug\inputmanager.obj
d:\dev\git\opengltuto\newtutoopengl\openglengine\debug\iomanager.obj
d:\dev\git\opengltuto\newtutoopengl\openglengine\debug\openglengine.obj
d:\dev\git\opengltuto\newtutoopengl\openglengine\debug\picopng.obj
d:\dev\git\opengltuto\newtutoopengl\openglengine\debug\resourcemanager.obj
d:\dev\git\opengltuto\newtutoopengl\openglengine\debug\sprite.obj
d:\dev\git\opengltuto\newtutoopengl\openglengine\debug\spritebatch.obj
d:\dev\git\opengltuto\newtutoopengl\openglengine\debug\texturecache.obj
d:\dev\git\opengltuto\newtutoopengl\openglengine\debug\timing.obj
d:\dev\git\opengltuto\newtutoopengl\openglengine\debug\window.obj
d:\dev\git\opengltuto\newtutoopengl\debug\openglengine.lib
d:\dev\git\opengltuto\newtutoopengl\debug\openglengine.pdb
d:\dev\git\opengltuto\newtutoopengl\openglengine\debug\openglengine.tlog\cl.command.1.tlog
d:\dev\git\opengltuto\newtutoopengl\openglengine\debug\openglengine.tlog\cl.read.1.tlog
d:\dev\git\opengltuto\newtutoopengl\openglengine\debug\openglengine.tlog\cl.write.1.tlog
d:\dev\git\opengltuto\newtutoopengl\openglengine\debug\openglengine.tlog\lib-link.read.1.tlog
d:\dev\git\opengltuto\newtutoopengl\openglengine\debug\openglengine.tlog\lib-link.write.1.tlog
d:\dev\git\opengltuto\newtutoopengl\openglengine\debug\openglengine.tlog\lib.command.1.tlog
