C:\Program Files (x86)\MSBuild\Microsoft.Cpp\v4.0\V140\Microsoft.CppBuild.targets(392,5): warning MSB8028: The intermediate directory (Debug\) contains files shared from another project (NewTutoOpenGL.vcxproj).  This can lead to incorrect clean and rebuild behavior.
  Window.cpp
  Timing.cpp
d:\dev\git\opengltuto\newtutoopengl\openglengine\timing.cpp(37): warning C4244: 'initializing': conversion from 'Uint32' to 'float', possible loss of data
d:\dev\git\opengltuto\newtutoopengl\openglengine\timing.cpp(41): warning C4244: 'argument': conversion from 'float' to 'Uint32', possible loss of data
d:\dev\git\opengltuto\newtutoopengl\openglengine\timing.cpp(53): warning C4244: 'initializing': conversion from 'Uint32' to 'float', possible loss of data
d:\dev\git\opengltuto\newtutoopengl\openglengine\timing.cpp(56): warning C4244: '=': conversion from 'Uint32' to 'float', possible loss of data
  TextureCache.cpp
  SpriteBatch.cpp
d:\dev\git\opengltuto\newtutoopengl\openglengine\spritebatch.cpp(24): warning C4018: '<': signed/unsigned mismatch
d:\dev\git\opengltuto\newtutoopengl\openglengine\spritebatch.cpp(67): warning C4018: '<': signed/unsigned mismatch
d:\dev\git\opengltuto\newtutoopengl\openglengine\spritebatch.cpp(106): warning C4018: '<': signed/unsigned mismatch
  Sprite.cpp
  ResourceManager.cpp
  picoPNG.cpp
  OpenGLEngine.cpp
  IOManager.cpp
d:\dev\git\opengltuto\newtutoopengl\openglengine\iomanager.cpp(20): warning C4244: 'initializing': conversion from 'std::streamoff' to 'int', possible loss of data
d:\dev\git\opengltuto\newtutoopengl\openglengine\iomanager.cpp(25): warning C4244: '-=': conversion from 'std::streamoff' to 'int', possible loss of data
  InputManager.cpp
  ImageLoader.cpp
  GLSLProgram.cpp
  Errors.cpp
  Camera2D.cpp
  Generating Code...
  OpenGLEngine.vcxproj -> D:\Dev\git\openGLTuto\NewTutoOpenGL\Debug\OpenGLEngine.lib
