  MainGame.cpp
d:\dev\git\opengltuto\newtutoopengl\zombiegame\maingame.cpp(28): warning C4018: '<': signed/unsigned mismatch
d:\dev\git\opengltuto\newtutoopengl\zombiegame\maingame.cpp(71): warning C4244: 'argument': conversion from 'time_t' to 'unsigned int', possible loss of data
d:\dev\git\opengltuto\newtutoopengl\zombiegame\maingame.cpp(86): warning C4018: '<': signed/unsigned mismatch
d:\dev\git\opengltuto\newtutoopengl\zombiegame\maingame.cpp(102): warning C4018: '<': signed/unsigned mismatch
d:\dev\git\opengltuto\newtutoopengl\zombiegame\maingame.cpp(108): warning C4018: '<': signed/unsigned mismatch
d:\dev\git\opengltuto\newtutoopengl\zombiegame\maingame.cpp(114): warning C4018: '<': signed/unsigned mismatch
d:\dev\git\opengltuto\newtutoopengl\zombiegame\maingame.cpp(117): warning C4018: '<': signed/unsigned mismatch
d:\dev\git\opengltuto\newtutoopengl\zombiegame\maingame.cpp(122): warning C4018: '<': signed/unsigned mismatch
d:\dev\git\opengltuto\newtutoopengl\zombiegame\maingame.cpp(144): warning C4018: '<': signed/unsigned mismatch
d:\dev\git\opengltuto\newtutoopengl\zombiegame\maingame.cpp(147): warning C4018: '<': signed/unsigned mismatch
d:\dev\git\opengltuto\newtutoopengl\zombiegame\maingame.cpp(157): warning C4018: '<': signed/unsigned mismatch
d:\dev\git\opengltuto\newtutoopengl\zombiegame\maingame.cpp(172): warning C4018: '<': signed/unsigned mismatch
d:\dev\git\opengltuto\newtutoopengl\zombiegame\maingame.cpp(174): warning C4018: '<': signed/unsigned mismatch
d:\dev\git\opengltuto\newtutoopengl\zombiegame\maingame.cpp(254): warning C4244: 'argument': conversion from 'Sint32' to 'float', possible loss of data
d:\dev\git\opengltuto\newtutoopengl\zombiegame\maingame.cpp(310): warning C4018: '<': signed/unsigned mismatch
d:\dev\git\opengltuto\newtutoopengl\zombiegame\maingame.cpp(316): warning C4018: '<': signed/unsigned mismatch
d:\dev\git\opengltuto\newtutoopengl\zombiegame\maingame.cpp(322): warning C4018: '<': signed/unsigned mismatch
  Bullet.cpp
d:\dev\git\opengltuto\newtutoopengl\zombiegame\bullet.cpp(69): warning C4244: '=': conversion from 'float' to 'int', possible loss of data
d:\dev\git\opengltuto\newtutoopengl\zombiegame\bullet.cpp(70): warning C4244: '=': conversion from 'float' to 'int', possible loss of data
d:\dev\git\opengltuto\newtutoopengl\zombiegame\bullet.cpp(73): warning C4018: '>': signed/unsigned mismatch
d:\dev\git\opengltuto\newtutoopengl\zombiegame\bullet.cpp(74): warning C4018: '>': signed/unsigned mismatch
  Agent.cpp
d:\dev\git\opengltuto\newtutoopengl\zombiegame\agent.cpp(38): warning C4018: '<': signed/unsigned mismatch
d:\dev\git\opengltuto\newtutoopengl\zombiegame\agent.cpp(108): warning C4244: 'argument': conversion from 'float' to 'unsigned int', possible loss of data
  Generating Code...
  Skipping... (no relevant changes detected)
  main.cpp
  Zombie.cpp
  Player.cpp
  Human.cpp
  Gun.cpp
  ZombieGame.vcxproj -> D:\Dev\git\openGLTuto\NewTutoOpenGL\Debug\ZombieGame.exe
  ZombieGame.vcxproj -> D:\Dev\git\openGLTuto\NewTutoOpenGL\Debug\ZombieGame.pdb (Full PDB)
