d:\dev\git\opengltuto\newtutoopengl\openglengine\x64\debug\openglengine.pdb
d:\dev\git\opengltuto\newtutoopengl\openglengine\x64\debug\openglengine.idb
d:\dev\git\opengltuto\newtutoopengl\openglengine\x64\debug\camera2d.obj
d:\dev\git\opengltuto\newtutoopengl\openglengine\x64\debug\errors.obj
d:\dev\git\opengltuto\newtutoopengl\openglengine\x64\debug\glslprogram.obj
d:\dev\git\opengltuto\newtutoopengl\openglengine\x64\debug\imageloader.obj
d:\dev\git\opengltuto\newtutoopengl\openglengine\x64\debug\iomanager.obj
d:\dev\git\opengltuto\newtutoopengl\openglengine\x64\debug\openglengine.obj
d:\dev\git\opengltuto\newtutoopengl\openglengine\x64\debug\picopng.obj
d:\dev\git\opengltuto\newtutoopengl\openglengine\x64\debug\resourcemanager.obj
d:\dev\git\opengltuto\newtutoopengl\openglengine\x64\debug\sprite.obj
d:\dev\git\opengltuto\newtutoopengl\openglengine\x64\debug\spritebatch.obj
d:\dev\git\opengltuto\newtutoopengl\openglengine\x64\debug\texturecache.obj
d:\dev\git\opengltuto\newtutoopengl\openglengine\x64\debug\window.obj
d:\dev\git\opengltuto\newtutoopengl\x64\debug\openglengine.lib
d:\dev\git\opengltuto\newtutoopengl\x64\debug\openglengine.pdb
d:\dev\git\opengltuto\newtutoopengl\openglengine\x64\debug\openglengine.tlog\cl.command.1.tlog
d:\dev\git\opengltuto\newtutoopengl\openglengine\x64\debug\openglengine.tlog\cl.read.1.tlog
d:\dev\git\opengltuto\newtutoopengl\openglengine\x64\debug\openglengine.tlog\cl.write.1.tlog
d:\dev\git\opengltuto\newtutoopengl\openglengine\x64\debug\openglengine.tlog\lib-link.read.1.tlog
d:\dev\git\opengltuto\newtutoopengl\openglengine\x64\debug\openglengine.tlog\lib-link.write.1.tlog
d:\dev\git\opengltuto\newtutoopengl\openglengine\x64\debug\openglengine.tlog\lib.command.1.tlog
