d:\dev\git\opengltuto\newtutoopengl\newtutoopengl\debug\vc140.pdb
d:\dev\git\opengltuto\newtutoopengl\newtutoopengl\debug\vc140.idb
d:\dev\git\opengltuto\newtutoopengl\newtutoopengl\debug\errors.obj
d:\dev\git\opengltuto\newtutoopengl\newtutoopengl\debug\glslprogram.obj
d:\dev\git\opengltuto\newtutoopengl\newtutoopengl\debug\main.obj
d:\dev\git\opengltuto\newtutoopengl\newtutoopengl\debug\maingame.obj
d:\dev\git\opengltuto\newtutoopengl\newtutoopengl\debug\sprite.obj
d:\dev\git\opengltuto\newtutoopengl\newtutoopengl\debug\imageloader.obj
d:\dev\git\opengltuto\newtutoopengl\newtutoopengl\debug\iomanager.obj
d:\dev\git\opengltuto\newtutoopengl\newtutoopengl\debug\picopng.obj
d:\dev\git\opengltuto\newtutoopengl\newtutoopengl\debug\resourcemanager.obj
d:\dev\git\opengltuto\newtutoopengl\newtutoopengl\debug\texturecache.obj
d:\dev\git\opengltuto\newtutoopengl\newtutoopengl\debug\bullet.obj
d:\dev\git\opengltuto\newtutoopengl\debug\newtutoopengl.ilk
d:\dev\git\opengltuto\newtutoopengl\debug\newtutoopengl.exe
d:\dev\git\opengltuto\newtutoopengl\debug\newtutoopengl.pdb
d:\dev\git\opengltuto\newtutoopengl\newtutoopengl\debug\newtutoopengl.tlog\cl.command.1.tlog
d:\dev\git\opengltuto\newtutoopengl\newtutoopengl\debug\newtutoopengl.tlog\cl.read.1.tlog
d:\dev\git\opengltuto\newtutoopengl\newtutoopengl\debug\newtutoopengl.tlog\cl.write.1.tlog
d:\dev\git\opengltuto\newtutoopengl\newtutoopengl\debug\newtutoopengl.tlog\link-cvtres.read.1.tlog
d:\dev\git\opengltuto\newtutoopengl\newtutoopengl\debug\newtutoopengl.tlog\link-cvtres.write.1.tlog
d:\dev\git\opengltuto\newtutoopengl\newtutoopengl\debug\newtutoopengl.tlog\link-rc.read.1.tlog
d:\dev\git\opengltuto\newtutoopengl\newtutoopengl\debug\newtutoopengl.tlog\link-rc.write.1.tlog
d:\dev\git\opengltuto\newtutoopengl\newtutoopengl\debug\newtutoopengl.tlog\link.command.1.tlog
d:\dev\git\opengltuto\newtutoopengl\newtutoopengl\debug\newtutoopengl.tlog\link.read.1.tlog
d:\dev\git\opengltuto\newtutoopengl\newtutoopengl\debug\newtutoopengl.tlog\link.write.1.tlog
