  Sprite.cpp
d:\dev\git\opengltuto\newtutoopengl\newtutoopengl\vertex.h(14): error C2236: unexpected token 'struct'. Did you forget a ';'?
d:\dev\git\opengltuto\newtutoopengl\newtutoopengl\vertex.h(15): error C2143: syntax error: missing ';' before '{'
d:\dev\git\opengltuto\newtutoopengl\newtutoopengl\vertex.h(15): error C2447: '{': missing function header (old-style formal list?)
d:\dev\git\opengltuto\newtutoopengl\newtutoopengl\vertex.h(28): error C3646: 'color': unknown override specifier
d:\dev\git\opengltuto\newtutoopengl\newtutoopengl\vertex.h(28): error C4430: missing type specifier - int assumed. Note: C++ does not support default-int
d:\dev\git\opengltuto\newtutoopengl\newtutoopengl\sprite.cpp(60): error C2039: 'color': is not a member of 'Vertex'
  d:\dev\git\opengltuto\newtutoopengl\newtutoopengl\vertex.h(23): note: see declaration of 'Vertex'
d:\dev\git\opengltuto\newtutoopengl\newtutoopengl\sprite.cpp(60): error C2228: left of '.r' must have class/struct/union
d:\dev\git\opengltuto\newtutoopengl\newtutoopengl\sprite.cpp(61): error C2039: 'color': is not a member of 'Vertex'
  d:\dev\git\opengltuto\newtutoopengl\newtutoopengl\vertex.h(23): note: see declaration of 'Vertex'
d:\dev\git\opengltuto\newtutoopengl\newtutoopengl\sprite.cpp(61): error C2228: left of '.g' must have class/struct/union
d:\dev\git\opengltuto\newtutoopengl\newtutoopengl\sprite.cpp(62): error C2039: 'color': is not a member of 'Vertex'
  d:\dev\git\opengltuto\newtutoopengl\newtutoopengl\vertex.h(23): note: see declaration of 'Vertex'
d:\dev\git\opengltuto\newtutoopengl\newtutoopengl\sprite.cpp(62): error C2228: left of '.b' must have class/struct/union
d:\dev\git\opengltuto\newtutoopengl\newtutoopengl\sprite.cpp(63): error C2039: 'color': is not a member of 'Vertex'
  d:\dev\git\opengltuto\newtutoopengl\newtutoopengl\vertex.h(23): note: see declaration of 'Vertex'
d:\dev\git\opengltuto\newtutoopengl\newtutoopengl\sprite.cpp(63): error C2228: left of '.a' must have class/struct/union
d:\dev\git\opengltuto\newtutoopengl\newtutoopengl\sprite.cpp(66): error C2039: 'color': is not a member of 'Vertex'
  d:\dev\git\opengltuto\newtutoopengl\newtutoopengl\vertex.h(23): note: see declaration of 'Vertex'
d:\dev\git\opengltuto\newtutoopengl\newtutoopengl\sprite.cpp(66): error C2228: left of '.r' must have class/struct/union
d:\dev\git\opengltuto\newtutoopengl\newtutoopengl\sprite.cpp(67): error C2039: 'color': is not a member of 'Vertex'
  d:\dev\git\opengltuto\newtutoopengl\newtutoopengl\vertex.h(23): note: see declaration of 'Vertex'
d:\dev\git\opengltuto\newtutoopengl\newtutoopengl\sprite.cpp(67): error C2228: left of '.g' must have class/struct/union
d:\dev\git\opengltuto\newtutoopengl\newtutoopengl\sprite.cpp(68): error C2039: 'color': is not a member of 'Vertex'
  d:\dev\git\opengltuto\newtutoopengl\newtutoopengl\vertex.h(23): note: see declaration of 'Vertex'
d:\dev\git\opengltuto\newtutoopengl\newtutoopengl\sprite.cpp(68): error C2228: left of '.b' must have class/struct/union
d:\dev\git\opengltuto\newtutoopengl\newtutoopengl\sprite.cpp(69): error C2039: 'color': is not a member of 'Vertex'
  d:\dev\git\opengltuto\newtutoopengl\newtutoopengl\vertex.h(23): note: see declaration of 'Vertex'
d:\dev\git\opengltuto\newtutoopengl\newtutoopengl\sprite.cpp(69): error C2228: left of '.a' must have class/struct/union
d:\dev\git\opengltuto\newtutoopengl\newtutoopengl\sprite.cpp(71): error C2039: 'color': is not a member of 'Vertex'
  d:\dev\git\opengltuto\newtutoopengl\newtutoopengl\vertex.h(23): note: see declaration of 'Vertex'
d:\dev\git\opengltuto\newtutoopengl\newtutoopengl\sprite.cpp(71): error C2228: left of '.r' must have class/struct/union
d:\dev\git\opengltuto\newtutoopengl\newtutoopengl\sprite.cpp(72): error C2039: 'color': is not a member of 'Vertex'
  d:\dev\git\opengltuto\newtutoopengl\newtutoopengl\vertex.h(23): note: see declaration of 'Vertex'
d:\dev\git\opengltuto\newtutoopengl\newtutoopengl\sprite.cpp(72): error C2228: left of '.g' must have class/struct/union
d:\dev\git\opengltuto\newtutoopengl\newtutoopengl\sprite.cpp(73): error C2039: 'color': is not a member of 'Vertex'
  d:\dev\git\opengltuto\newtutoopengl\newtutoopengl\vertex.h(23): note: see declaration of 'Vertex'
d:\dev\git\opengltuto\newtutoopengl\newtutoopengl\sprite.cpp(73): error C2228: left of '.b' must have class/struct/union
d:\dev\git\opengltuto\newtutoopengl\newtutoopengl\sprite.cpp(74): error C2039: 'color': is not a member of 'Vertex'
  d:\dev\git\opengltuto\newtutoopengl\newtutoopengl\vertex.h(23): note: see declaration of 'Vertex'
d:\dev\git\opengltuto\newtutoopengl\newtutoopengl\sprite.cpp(74): error C2228: left of '.a' must have class/struct/union
d:\dev\git\opengltuto\newtutoopengl\newtutoopengl\sprite.cpp(97): error C2039: 'color': is not a member of 'Vertex'
  d:\dev\git\opengltuto\newtutoopengl\newtutoopengl\vertex.h(23): note: see declaration of 'Vertex'
d:\dev\git\opengltuto\newtutoopengl\newtutoopengl\sprite.cpp(97): error C2198: 'PFNGLVERTEXATTRIBPOINTERPROC': too few arguments for call
  MainGame.cpp
  GLSLProgram.cpp
  Generating Code...
  Compiling...
  main.cpp
  Generating Code...
